<?xml version="1.0" encoding="UTF-8"?>
<!-- Generated by org.testng.reporters.JUnitReportReporter -->
<testsuite hostname="LAPTOP-KBSQ6PAL" failures="1" tests="1" name="runner.loginrunner" time="29.793" errors="0" timestamp="2025-03-31T20:33:22 IST" skipped="0">
  <testcase classname="runner.loginrunner" name="runScenario" time="29.793">
    <failure message="Test Failed: Invalid formId detected" type="java.lang.AssertionError">
      <![CDATA[java.lang.AssertionError: Test Failed: Invalid formId detected
at com.pages.Home.form_fill(Home.java:293)
at Step_def.Home_stepdef.user_create_a_new_form(Home_stepdef.java:81)
at ✽.user create a new form(file:///C:/Users/SHUBH/eclipse-workspace/Go_man/./src/test/resources/features/Homepage.feature:9)
]]>
    </failure>
  </testcase> <!-- runScenario -->
  <system-out/>
</testsuite> <!-- runner.loginrunner -->
